<?xml version="1.0" encoding="UTF-8"?>
<!-- Generated by org.testng.reporters.JUnitReportReporter -->
<testsuite hostname="LAPTOP-74KU5T1L" failures="0" tests="1" name="tests.GenericClassTest" time="2.471" errors="0" timestamp="2023-05-03T18:18:37 EDT" skipped="0">
  <testcase classname="tests.GenericClassTest" name="handlingDropDown" time="2.471"/>
  <system-out/>
</testsuite> <!-- tests.GenericClassTest -->
