<?xml version="1.0" encoding="UTF-8"?>
<!-- Generated by org.testng.reporters.JUnitReportReporter -->
<testsuite hostname="LAPTOP-74KU5T1L" failures="0" tests="2" name="base.BaseClass" time="3.970" errors="0" timestamp="2023-04-29T11:53:44 EDT" skipped="0">
  <testcase classname="base.BaseClass" name="closeAmazonApp1" time="0.178"/>
  <system-out/>
  <testcase classname="base.BaseClass" name="AppOpen" time="3.792"/>
  <system-out/>
</testsuite> <!-- base.BaseClass -->
