<?xml version="1.0" encoding="UTF-8"?>
<!-- Generated by org.testng.reporters.JUnitReportReporter -->
<testsuite hostname="LAPTOP-74KU5T1L" failures="0" tests="1" name="tests.GenericClass" time="2.886" errors="0" timestamp="2023-04-29T13:06:13 EDT" skipped="0">
  <testcase classname="tests.GenericClass" name="handlingDropDown" time="2.886"/>
  <system-out/>
</testsuite> <!-- tests.GenericClass -->
